2018-07-17T06:57:03.602Z - normal: Load ~/.CocosCreator/settings.json
2018-07-17T06:57:03.606Z - normal: checking language setting...
2018-07-17T06:57:03.606Z - normal: Language: en
2018-07-17T06:57:04.520Z - success: protocol editor-framework registered
2018-07-17T06:57:04.521Z - success: protocol app registered
2018-07-17T06:57:04.521Z - success: protocol theme registered
2018-07-17T06:57:04.521Z - success: protocol packages registered
2018-07-17T06:57:04.521Z - success: protocol unpack registerred
2018-07-17T06:57:04.521Z - success: protocol disable-commonjs registerred
2018-07-17T06:57:05.719Z - normal: connected!
2018-07-17T06:57:05.721Z - normal: Check project /Users/administrator/Documents/helix/cocos/start_project
2018-07-17T06:57:05.722Z - normal: Initializing Cocos2d
2018-07-17T06:57:06.000Z - normal: Initializing Asset Database
2018-07-17T06:57:06.033Z - success: protocol uuid registerred
2018-07-17T06:57:06.033Z - success: protocol db registerred
2018-07-17T06:57:06.033Z - success: protocol thumbnail registerred
2018-07-17T06:57:06.033Z - normal: Loading editor/builtin packages
2018-07-17T06:57:06.068Z - success: anysdk loaded
2018-07-17T06:57:06.188Z - success: assets loaded
2018-07-17T06:57:06.192Z - success: builder loaded
2018-07-17T06:57:06.194Z - success: cocos-analytics loaded
2018-07-17T06:57:06.198Z - success: console loaded
2018-07-17T06:57:06.232Z - success: fb-instant-games loaded
2018-07-17T06:57:06.237Z - success: hierarchy loaded
2018-07-17T06:57:06.242Z - success: inspector loaded
2018-07-17T06:57:06.244Z - success: keystore loaded
2018-07-17T06:57:06.249Z - success: node-library loaded
2018-07-17T06:57:06.251Z - success: package-asset loaded
2018-07-17T06:57:06.254Z - success: preferences loaded
2018-07-17T06:57:06.258Z - success: project-exporter loaded
2018-07-17T06:57:06.276Z - success: project-importer loaded
2018-07-17T06:57:06.280Z - success: project-settings loaded
2018-07-17T06:57:06.286Z - success: ui-kit loaded
2018-07-17T06:57:06.293Z - success: ui-grid loaded
2018-07-17T06:57:06.297Z - success: scene loaded
2018-07-17T06:57:06.299Z - success: sprite-editor loaded
2018-07-17T06:57:06.303Z - success: store loaded
2018-07-17T06:57:06.313Z - success: timeline loaded
2018-07-17T06:57:06.313Z - normal: Loading builtin packages
2018-07-17T06:57:06.323Z - success: asset-db-debugger loaded
2018-07-17T06:57:06.324Z - success: color-picker loaded
2018-07-17T06:57:06.328Z - success: package-manager loaded
2018-07-17T06:57:06.329Z - success: qqplay-adapter loaded
2018-07-17T06:57:06.335Z - success: sdkbox loaded
2018-07-17T06:57:06.340Z - success: tester loaded
2018-07-17T06:57:06.344Z - success: ui-kit-preview-extra loaded
2018-07-17T06:57:06.348Z - success: ui-kit-preview loaded
2018-07-17T06:57:06.351Z - success: ui-tree loaded
2018-07-17T06:57:06.353Z - success: weapp-adapter loaded
2018-07-17T06:57:07.410Z - normal: Initializing project /Users/administrator/Documents/helix/cocos/start_project
2018-07-17T06:57:07.413Z - normal: Loading packages
2018-07-17T06:57:07.419Z - normal: Watching packages
2018-07-17T06:57:07.513Z - normal: Run Application
2018-07-17T06:57:08.409Z - success: preview server running at http://localhost:7456
2018-07-17T06:57:13.865Z - normal: 1.9.3
2018-07-17T06:57:38.416Z - normal: Simulator: WORKAREA WIDTH 1920.00, HEIGHT 994.00
2018-07-17T06:57:38.438Z - normal: Simulator: FRAME SCALE = 1.00
2018-07-17T06:57:38.537Z - normal: Simulator: 
2018-07-17T06:57:38.538Z - normal: Simulator: {
2018-07-17T06:57:38.538Z - normal: Simulator: 	gl.supports_OES_map_buffer: false
2018-07-17T06:57:38.538Z - normal: Simulator: 	gl.supports_vertex_array_object: true
2018-07-17T06:57:38.539Z - normal: Simulator: 	cocos2d.x.version: Cocos2d-x-lite v1.8.2
2018-07-17T06:57:38.539Z - normal: Simulator: 	gl.vendor: Intel Inc.
2018-07-17T06:57:38.539Z - normal: Simulator: 	gl.supports_PVRTC: false
2018-07-17T06:57:38.539Z - normal: Simulator: 	gl.renderer: SKL Graphics
2018-07-17T06:57:38.539Z - normal: Simulator: 	cocos2d.x.compiled_with_profiler: false
2018-07-17T06:57:38.541Z - normal: Simulator: 	gl.max_texture_size: 16384
2018-07-17T06:57:38.541Z - normal: Simulator: 	gl.supports_ETC1: false
2018-07-17T06:57:38.542Z - normal: Simulator: 	gl.supports_BGRA8888: false
2018-07-17T06:57:38.542Z - normal: Simulator: 	cocos2d.x.build_type: DEBUG
2018-07-17T06:57:38.543Z - normal: Simulator: 	gl.max_texture_units: 16
2018-07-17T06:57:38.544Z - normal: Simulator: 	gl.supports_OES_packed_depth_stencil: false
2018-07-17T06:57:38.544Z - normal: Simulator: 	gl.supports_discard_framebuffer: false
2018-07-17T06:57:38.544Z - normal: Simulator: 	gl.supports_NPOT: true
2018-07-17T06:57:38.545Z - normal: Simulator: 	gl.version: 2.1 INTEL-10.28.29
2018-07-17T06:57:38.545Z - normal: Simulator: 	cocos2d.x.compiled_with_gl_state_cache: true
2018-07-17T06:57:38.545Z - normal: Simulator: 	gl.supports_OES_depth24: false
2018-07-17T06:57:38.545Z - normal: Simulator: }
2018-07-17T06:57:38.545Z - normal: Simulator: 
2018-07-17T06:57:38.546Z - normal: Simulator: 
2018-07-17T06:57:38.546Z - normal: Simulator: cocos2d: warning, Director::setProjection() failed because size is 0
2018-07-17T06:57:38.549Z - normal: Simulator: Project Config:
2018-07-17T06:57:38.550Z - normal: Simulator:     project dir: /Applications/CocosCreator.app/Contents/Resources/cocos2d-x/simulator/mac/Simulator.app/Contents/Resources/
2018-07-17T06:57:38.550Z - normal: Simulator:     writable path: $(PROJDIR)/
2018-07-17T06:57:38.550Z - normal: Simulator:     script file: $(PROJDIR)/main.js
2018-07-17T06:57:38.550Z - normal: Simulator:     frame size: 960 x 640
2018-07-17T06:57:38.550Z - normal: Simulator:     frame scale: 1.00
2018-07-17T06:57:38.551Z - normal: Simulator:     show console: NO
2018-07-17T06:57:38.551Z - normal: Simulator:     write debug log: NO ()
2018-07-17T06:57:38.552Z - normal: Simulator:     listen: 
2018-07-17T06:57:38.553Z - normal: Simulator:     debugger: none
2018-07-17T06:57:38.553Z - normal: Simulator:     add searching path:
2018-07-17T06:57:38.554Z - normal: Simulator: 
2018-07-17T06:57:38.554Z - normal: Simulator: 
2018-07-17T06:57:38.554Z - normal: Simulator: 
2018-07-17T06:57:38.554Z - normal: Simulator: ------------------------------------------------
2018-07-17T06:57:38.554Z - normal: Simulator: LOAD Js FILE: main.js
2018-07-17T06:57:38.554Z - normal: Simulator: ------------------------------------------------
2018-07-17T06:57:38.560Z - normal: Simulator: Initializing JavaScriptCore 
2018-07-17T06:57:38.769Z - normal: Simulator: JS: Cocos2d-x-lite v1.8.2
2018-07-17T06:57:39.049Z - normal: Simulator: iShow!
2018-07-17T06:57:39.210Z - normal: Simulator: JS: InitScene: 5.764999999999986ms
2018-07-17T06:57:39.211Z - normal: Simulator: JS: AutoRelease: 0.21699999999998454ms
2018-07-17T06:57:39.211Z - normal: Simulator: JS: Destroy: 0.11199999999996635ms
2018-07-17T06:57:39.211Z - normal: Simulator: JS: AttachPersist: 0.006999999999948159ms
2018-07-17T06:57:39.217Z - normal: Simulator: JS: Activate: 6.807000000000016ms
2018-07-17T06:57:42.814Z - normal: Simulator: ScriptEngine::cleanup begin ...
2018-07-17T06:57:42.814Z - normal: Simulator: GC begin ..., (Native -> JS map) count: 62
2018-07-17T06:57:42.827Z - normal: Simulator: GC end ..., (Native -> JS map) count: 39
2018-07-17T06:57:42.827Z - normal: Simulator: GC begin ..., (Native -> JS map) count: 39
2018-07-17T06:57:42.827Z - normal: Simulator: GC end ..., (Native -> JS map) count: 39
2018-07-17T06:57:42.828Z - normal: Simulator: GC begin ..., (Native -> JS map) count: 39
2018-07-17T06:57:42.833Z - normal: Simulator: GC end ..., (Native -> JS map) count: 39
2018-07-17T06:57:42.845Z - normal: Simulator: Starting to cleanup dragonbones object, count: 0
2018-07-17T06:57:42.846Z - normal: Simulator: After first cleanup, dragonbones object remained count: 0
2018-07-17T06:57:42.846Z - normal: Simulator: After second cleanup, dragonbones object remained count: 0
2018-07-17T06:57:42.846Z - normal: Simulator: ScriptEngine::cleanup end ...
2018-07-17T07:02:46.939Z - normal: Simulator: WORKAREA WIDTH 1920.00, HEIGHT 994.00
2018-07-17T07:02:46.961Z - normal: Simulator: FRAME SCALE = 1.00
2018-07-17T07:02:47.083Z - normal: Simulator: 
2018-07-17T07:02:47.084Z - normal: Simulator: {
2018-07-17T07:02:47.085Z - normal: Simulator: 	gl.supports_OES_map_buffer: false
2018-07-17T07:02:47.085Z - normal: Simulator: 	gl.supports_vertex_array_object: true
2018-07-17T07:02:47.086Z - normal: Simulator: 	cocos2d.x.version: Cocos2d-x-lite v1.8.2
2018-07-17T07:02:47.086Z - normal: Simulator: 	gl.vendor: Intel Inc.
2018-07-17T07:02:47.086Z - normal: Simulator: 	gl.supports_PVRTC: false
2018-07-17T07:02:47.086Z - normal: Simulator: 	gl.renderer: SKL Graphics
2018-07-17T07:02:47.086Z - normal: Simulator: 	cocos2d.x.compiled_with_profiler: false
2018-07-17T07:02:47.087Z - normal: Simulator: 	gl.max_texture_size: 16384
2018-07-17T07:02:47.087Z - normal: Simulator: 	gl.supports_ETC1: false
2018-07-17T07:02:47.087Z - normal: Simulator: 	gl.supports_BGRA8888: false
2018-07-17T07:02:47.087Z - normal: Simulator: 	cocos2d.x.build_type: DEBUG
2018-07-17T07:02:47.088Z - normal: Simulator: 	gl.max_texture_units: 16
2018-07-17T07:02:47.090Z - normal: Simulator: 	gl.supports_OES_packed_depth_stencil: false
2018-07-17T07:02:47.090Z - normal: Simulator: 	gl.supports_discard_framebuffer: false
2018-07-17T07:02:47.090Z - normal: Simulator: 	gl.supports_NPOT: true
2018-07-17T07:02:47.090Z - normal: Simulator: 	gl.version: 2.1 INTEL-10.28.29
2018-07-17T07:02:47.090Z - normal: Simulator: 	cocos2d.x.compiled_with_gl_state_cache: true
2018-07-17T07:02:47.091Z - normal: Simulator: 	gl.supports_OES_depth24: false
2018-07-17T07:02:47.091Z - normal: Simulator: }
2018-07-17T07:02:47.091Z - normal: Simulator: 
2018-07-17T07:02:47.091Z - normal: Simulator: 
2018-07-17T07:02:47.091Z - normal: Simulator: cocos2d: warning, Director::setProjection() failed because size is 0
2018-07-17T07:02:47.132Z - normal: Simulator: Project Config:
2018-07-17T07:02:47.132Z - normal: Simulator:     project dir: /Applications/CocosCreator.app/Contents/Resources/cocos2d-x/simulator/mac/Simulator.app/Contents/Resources/
2018-07-17T07:02:47.132Z - normal: Simulator:     writable path: $(PROJDIR)/
2018-07-17T07:02:47.132Z - normal: Simulator:     script file: $(PROJDIR)/main.js
2018-07-17T07:02:47.132Z - normal: Simulator:     frame size: 960 x 640
2018-07-17T07:02:47.132Z - normal: Simulator:     frame scale: 1.00
2018-07-17T07:02:47.133Z - normal: Simulator:     show console: NO
2018-07-17T07:02:47.133Z - normal: Simulator:     write debug log: NO ()
2018-07-17T07:02:47.133Z - normal: Simulator:     listen: 
2018-07-17T07:02:47.133Z - normal: Simulator:     debugger: none
2018-07-17T07:02:47.133Z - normal: Simulator:     add searching path:
2018-07-17T07:02:47.140Z - normal: Simulator: ------------------------------------------------
2018-07-17T07:02:47.140Z - normal: Simulator: LOAD Js FILE: main.js
2018-07-17T07:02:47.140Z - normal: Simulator: ------------------------------------------------
2018-07-17T07:02:47.141Z - normal: Simulator: Initializing JavaScriptCore 
2018-07-17T07:02:47.345Z - normal: Simulator: JS: Cocos2d-x-lite v1.8.2
2018-07-17T07:02:47.619Z - normal: Simulator: iShow!
2018-07-17T07:02:47.789Z - normal: Simulator: JS: InitScene: 10.076000000000022ms
2018-07-17T07:02:47.789Z - normal: Simulator: JS: AutoRelease: 0.25300000000004275ms
2018-07-17T07:02:47.789Z - normal: Simulator: JS: Destroy: 0.11600000000009913ms
2018-07-17T07:02:47.789Z - normal: Simulator: JS: AttachPersist: 0.007000000000061846ms
2018-07-17T07:02:47.802Z - normal: Simulator: JS: Activate: 11.928999999999974ms
2018-07-17T07:03:15.485Z - normal: Simulator: ScriptEngine::cleanup begin ...
2018-07-17T07:03:15.486Z - normal: Simulator: GC begin ..., (Native -> JS map) count: 85
2018-07-17T07:03:15.491Z - normal: Simulator: GC end ..., (Native -> JS map) count: 40
2018-07-17T07:03:15.491Z - normal: Simulator: GC begin ..., (Native -> JS map) count: 40
2018-07-17T07:03:15.495Z - normal: Simulator: GC end ..., (Native -> JS map) count: 40
2018-07-17T07:03:15.495Z - normal: Simulator: GC begin ..., (Native -> JS map) count: 40
2018-07-17T07:03:15.497Z - normal: Simulator: GC end ..., (Native -> JS map) count: 40
2018-07-17T07:03:15.505Z - normal: Simulator: Starting to cleanup dragonbones object, count: 0
2018-07-17T07:03:15.505Z - normal: Simulator: After first cleanup, dragonbones object remained count: 0
2018-07-17T07:03:15.506Z - normal: Simulator: After second cleanup, dragonbones object remained count: 0
2018-07-17T07:03:15.506Z - normal: Simulator: ScriptEngine::cleanup end ...
2018-07-17T07:36:43.711Z - normal: Simulator: WORKAREA WIDTH 1920.00, HEIGHT 994.00
2018-07-17T07:36:43.737Z - normal: Simulator: FRAME SCALE = 1.00
2018-07-17T07:36:43.846Z - normal: Simulator: 
2018-07-17T07:36:43.848Z - normal: Simulator: {
2018-07-17T07:36:43.848Z - normal: Simulator: 	gl.supports_OES_map_buffer: false
2018-07-17T07:36:43.848Z - normal: Simulator: 	gl.supports_vertex_array_object: true
2018-07-17T07:36:43.849Z - normal: Simulator: 	cocos2d.x.version: Cocos2d-x-lite v1.8.2
2018-07-17T07:36:43.849Z - normal: Simulator: 	gl.vendor: Intel Inc.
2018-07-17T07:36:43.852Z - normal: Simulator: 	gl.supports_PVRTC: false
2018-07-17T07:36:43.852Z - normal: Simulator: 	gl.renderer: SKL Graphics
2018-07-17T07:36:43.852Z - normal: Simulator: 	cocos2d.x.compiled_with_profiler: false
2018-07-17T07:36:43.852Z - normal: Simulator: 	gl.max_texture_size: 16384
2018-07-17T07:36:43.853Z - normal: Simulator: 	gl.supports_ETC1: false
2018-07-17T07:36:43.853Z - normal: Simulator: 	gl.supports_BGRA8888: false
2018-07-17T07:36:43.853Z - normal: Simulator: 	cocos2d.x.build_type: DEBUG
2018-07-17T07:36:43.853Z - normal: Simulator: 	gl.max_texture_units: 16
2018-07-17T07:36:43.853Z - normal: Simulator: 	gl.supports_OES_packed_depth_stencil: false
2018-07-17T07:36:43.854Z - normal: Simulator: 	gl.supports_discard_framebuffer: false
2018-07-17T07:36:43.858Z - normal: Simulator: 	gl.supports_NPOT: true
2018-07-17T07:36:43.858Z - normal: Simulator: 	gl.version: 2.1 INTEL-10.28.29
2018-07-17T07:36:43.858Z - normal: Simulator: 	cocos2d.x.compiled_with_gl_state_cache: true
2018-07-17T07:36:43.858Z - normal: Simulator: 	gl.supports_OES_depth24: false
2018-07-17T07:36:43.858Z - normal: Simulator: }
2018-07-17T07:36:43.858Z - normal: Simulator: 
2018-07-17T07:36:43.859Z - normal: Simulator: 
2018-07-17T07:36:43.860Z - normal: Simulator: cocos2d: warning, Director::setProjection() failed because size is 0
2018-07-17T07:36:43.880Z - normal: Simulator: Project Config:
2018-07-17T07:36:43.881Z - normal: Simulator:     project dir: /Applications/CocosCreator.app/Contents/Resources/cocos2d-x/simulator/mac/Simulator.app/Contents/Resources/
2018-07-17T07:36:43.881Z - normal: Simulator:     writable path: $(PROJDIR)/
2018-07-17T07:36:43.881Z - normal: Simulator:     script file: $(PROJDIR)/main.js
2018-07-17T07:36:43.881Z - normal: Simulator:     frame size: 960 x 640
2018-07-17T07:36:43.881Z - normal: Simulator:     frame scale: 1.00
2018-07-17T07:36:43.882Z - normal: Simulator:     show console: NO
2018-07-17T07:36:43.882Z - normal: Simulator:     write debug log: NO ()
2018-07-17T07:36:43.882Z - normal: Simulator:     listen: 
2018-07-17T07:36:43.882Z - normal: Simulator:     debugger: none
2018-07-17T07:36:43.882Z - normal: Simulator:     add searching path:
2018-07-17T07:36:43.887Z - normal: Simulator: ------------------------------------------------
2018-07-17T07:36:43.888Z - normal: Simulator: LOAD Js FILE: main.js
2018-07-17T07:36:43.888Z - normal: Simulator: ------------------------------------------------
2018-07-17T07:36:43.893Z - normal: Simulator: Initializing JavaScriptCore 
2018-07-17T07:36:44.074Z - normal: Simulator: JS: Cocos2d-x-lite v1.8.2
2018-07-17T07:36:44.454Z - normal: Simulator: iShow!
2018-07-17T07:36:44.631Z - normal: Simulator: JS: InitScene: 7.687999999999988ms
2018-07-17T07:36:44.631Z - normal: Simulator: JS: AutoRelease: 0.11399999999991905ms
2018-07-17T07:36:44.632Z - normal: Simulator: JS: Destroy: 0.06200000000001182ms
2018-07-17T07:36:44.632Z - normal: Simulator: JS: AttachPersist: 0.0030000000000427463ms
2018-07-17T07:36:44.645Z - normal: Simulator: JS: Activate: 9.523000000000025ms
2018-07-17T07:37:09.052Z - normal: Simulator: ScriptEngine::cleanup begin ...
2018-07-17T07:37:09.053Z - normal: Simulator: GC begin ..., (Native -> JS map) count: 96
2018-07-17T07:37:09.060Z - normal: Simulator: GC end ..., (Native -> JS map) count: 46
2018-07-17T07:37:09.061Z - normal: Simulator: GC begin ..., (Native -> JS map) count: 46
2018-07-17T07:37:09.069Z - normal: Simulator: GC end ..., (Native -> JS map) count: 46
2018-07-17T07:37:09.070Z - normal: Simulator: GC begin ..., (Native -> JS map) count: 46
2018-07-17T07:37:09.070Z - normal: Simulator: GC end ..., (Native -> JS map) count: 46
2018-07-17T07:37:09.076Z - normal: Simulator: Starting to cleanup dragonbones object, count: 0
2018-07-17T07:37:09.077Z - normal: Simulator: After first cleanup, dragonbones object remained count: 0
2018-07-17T07:37:09.077Z - normal: Simulator: After second cleanup, dragonbones object remained count: 0
2018-07-17T07:37:09.077Z - normal: Simulator: ScriptEngine::cleanup end ...
2018-07-17T07:49:31.869Z - warn: Error: ipc timeout. message: scene:query-node, session: scene@renderer:31479
2018-07-17T08:01:32.806Z - normal: Simulator: WORKAREA WIDTH 1920.00, HEIGHT 994.00
2018-07-17T08:01:32.829Z - normal: Simulator: FRAME SCALE = 1.00
2018-07-17T08:01:32.949Z - normal: Simulator: 
2018-07-17T08:01:32.949Z - normal: Simulator: {
2018-07-17T08:01:32.949Z - normal: Simulator: 	gl.supports_OES_map_buffer: false
2018-07-17T08:01:32.949Z - normal: Simulator: 	gl.supports_vertex_array_object: true
2018-07-17T08:01:32.950Z - normal: Simulator: 	cocos2d.x.version: Cocos2d-x-lite v1.8.2
2018-07-17T08:01:32.950Z - normal: Simulator: 	gl.vendor: Intel Inc.
2018-07-17T08:01:32.950Z - normal: Simulator: 	gl.supports_PVRTC: false
2018-07-17T08:01:32.950Z - normal: Simulator: 	gl.renderer: SKL Graphics
2018-07-17T08:01:32.950Z - normal: Simulator: 	cocos2d.x.compiled_with_profiler: false
2018-07-17T08:01:32.951Z - normal: Simulator: 	gl.max_texture_size: 16384
2018-07-17T08:01:32.951Z - normal: Simulator: 	gl.supports_ETC1: false
2018-07-17T08:01:32.951Z - normal: Simulator: 	gl.supports_BGRA8888: false
2018-07-17T08:01:32.951Z - normal: Simulator: 	cocos2d.x.build_type: DEBUG
2018-07-17T08:01:32.959Z - normal: Simulator: 	gl.max_texture_units: 16
2018-07-17T08:01:32.960Z - normal: Simulator: 	gl.supports_OES_packed_depth_stencil: false
2018-07-17T08:01:32.960Z - normal: Simulator: 	gl.supports_discard_framebuffer: false
2018-07-17T08:01:32.960Z - normal: Simulator: 	gl.supports_NPOT: true
2018-07-17T08:01:32.960Z - normal: Simulator: 	gl.version: 2.1 INTEL-10.28.29
2018-07-17T08:01:32.961Z - normal: Simulator: 	cocos2d.x.compiled_with_gl_state_cache: true
2018-07-17T08:01:32.961Z - normal: Simulator: 	gl.supports_OES_depth24: false
2018-07-17T08:01:32.961Z - normal: Simulator: }
2018-07-17T08:01:32.961Z - normal: Simulator: 
2018-07-17T08:01:32.961Z - normal: Simulator: 
2018-07-17T08:01:32.961Z - normal: Simulator: cocos2d: warning, Director::setProjection() failed because size is 0
2018-07-17T08:01:33.004Z - normal: Simulator: Project Config:
2018-07-17T08:01:33.004Z - normal: Simulator:     project dir: /Applications/CocosCreator.app/Contents/Resources/cocos2d-x/simulator/mac/Simulator.app/Contents/Resources/
2018-07-17T08:01:33.004Z - normal: Simulator:     writable path: $(PROJDIR)/
2018-07-17T08:01:33.004Z - normal: Simulator:     script file: $(PROJDIR)/main.js
2018-07-17T08:01:33.005Z - normal: Simulator:     frame size: 960 x 640
2018-07-17T08:01:33.005Z - normal: Simulator:     frame scale: 1.00
2018-07-17T08:01:33.005Z - normal: Simulator:     show console: NO
2018-07-17T08:01:33.005Z - normal: Simulator:     write debug log: NO ()
2018-07-17T08:01:33.005Z - normal: Simulator:     listen: 
2018-07-17T08:01:33.005Z - normal: Simulator:     debugger: none
2018-07-17T08:01:33.005Z - normal: Simulator:     add searching path:
2018-07-17T08:01:33.033Z - normal: Simulator: ------------------------------------------------
2018-07-17T08:01:33.033Z - normal: Simulator: LOAD Js FILE: main.js
2018-07-17T08:01:33.033Z - normal: Simulator: ------------------------------------------------
2018-07-17T08:01:33.034Z - normal: Simulator: Initializing JavaScriptCore 
2018-07-17T08:01:33.216Z - normal: Simulator: JS: Cocos2d-x-lite v1.8.2
2018-07-17T08:01:33.495Z - normal: Simulator: iShow!
2018-07-17T08:01:33.673Z - normal: Simulator: JS: InitScene: 8.013000000000034ms
2018-07-17T08:01:33.673Z - normal: Simulator: JS: AutoRelease: 0.12199999999995725ms
2018-07-17T08:01:33.673Z - normal: Simulator: JS: Destroy: 0.05299999999999727ms
2018-07-17T08:01:33.673Z - normal: Simulator: JS: AttachPersist: 0.0030000000000427463ms
2018-07-17T08:01:33.708Z - normal: Simulator: JS: Activate: 32.18599999999992ms
2018-07-17T08:01:33.714Z - normal: Simulator: cocos2d: QuadCommand: resizing index size from [-1] to [2560]
2018-07-17T08:01:41.534Z - normal: Simulator: ScriptEngine::cleanup begin ...
2018-07-17T08:01:41.535Z - normal: Simulator: GC begin ..., (Native -> JS map) count: 74
2018-07-17T08:01:41.546Z - normal: Simulator: GC end ..., (Native -> JS map) count: 51
2018-07-17T08:01:41.547Z - normal: Simulator: GC begin ..., (Native -> JS map) count: 51
2018-07-17T08:01:41.547Z - normal: Simulator: GC end ..., (Native -> JS map) count: 51
2018-07-17T08:01:41.547Z - normal: Simulator: GC begin ..., (Native -> JS map) count: 51
2018-07-17T08:01:41.551Z - normal: Simulator: GC end ..., (Native -> JS map) count: 51
2018-07-17T08:01:41.564Z - normal: Simulator: Starting to cleanup dragonbones object, count: 0
2018-07-17T08:01:41.565Z - normal: Simulator: After first cleanup, dragonbones object remained count: 0
2018-07-17T08:01:41.565Z - normal: Simulator: After second cleanup, dragonbones object remained count: 0
2018-07-17T08:01:41.565Z - normal: Simulator: ScriptEngine::cleanup end ...
2018-07-17T08:01:43.507Z - normal: Simulator: WORKAREA WIDTH 1920.00, HEIGHT 994.00
2018-07-17T08:01:43.514Z - normal: Simulator: FRAME SCALE = 1.00
2018-07-17T08:01:43.608Z - normal: Simulator: 
2018-07-17T08:01:43.609Z - normal: Simulator: {
2018-07-17T08:01:43.609Z - normal: Simulator: 	gl.supports_OES_map_buffer: false
2018-07-17T08:01:43.610Z - normal: Simulator: 	gl.supports_vertex_array_object: true
2018-07-17T08:01:43.611Z - normal: Simulator: 	cocos2d.x.version: Cocos2d-x-lite v1.8.2
2018-07-17T08:01:43.611Z - normal: Simulator: 	gl.vendor: Intel Inc.
2018-07-17T08:01:43.611Z - normal: Simulator: 	gl.supports_PVRTC: false
2018-07-17T08:01:43.611Z - normal: Simulator: 	gl.renderer: SKL Graphics
2018-07-17T08:01:43.611Z - normal: Simulator: 	cocos2d.x.compiled_with_profiler: false
2018-07-17T08:01:43.611Z - normal: Simulator: 	gl.max_texture_size: 16384
2018-07-17T08:01:43.612Z - normal: Simulator: 	gl.supports_ETC1: false
2018-07-17T08:01:43.612Z - normal: Simulator: 	gl.supports_BGRA8888: false
2018-07-17T08:01:43.612Z - normal: Simulator: 	cocos2d.x.build_type: DEBUG
2018-07-17T08:01:43.612Z - normal: Simulator: 	gl.max_texture_units: 16
2018-07-17T08:01:43.613Z - normal: Simulator: 	gl.supports_OES_packed_depth_stencil: false
2018-07-17T08:01:43.613Z - normal: Simulator: 	gl.supports_discard_framebuffer: false
2018-07-17T08:01:43.613Z - normal: Simulator: 	gl.supports_NPOT: true
2018-07-17T08:01:43.613Z - normal: Simulator: 	gl.version: 2.1 INTEL-10.28.29
2018-07-17T08:01:43.613Z - normal: Simulator: 	cocos2d.x.compiled_with_gl_state_cache: true
2018-07-17T08:01:43.614Z - normal: Simulator: 	gl.supports_OES_depth24: false
2018-07-17T08:01:43.614Z - normal: Simulator: }
2018-07-17T08:01:43.615Z - normal: Simulator: 
2018-07-17T08:01:43.615Z - normal: Simulator: 
2018-07-17T08:01:43.615Z - normal: Simulator: cocos2d: warning, Director::setProjection() failed because size is 0
2018-07-17T08:01:43.627Z - normal: Simulator: Project Config:
2018-07-17T08:01:43.628Z - normal: Simulator:     project dir: /Applications/CocosCreator.app/Contents/Resources/cocos2d-x/simulator/mac/Simulator.app/Contents/Resources/
2018-07-17T08:01:43.628Z - normal: Simulator:     writable path: $(PROJDIR)/
2018-07-17T08:01:43.628Z - normal: Simulator:     script file: $(PROJDIR)/main.js
2018-07-17T08:01:43.628Z - normal: Simulator:     frame size: 960 x 640
2018-07-17T08:01:43.628Z - normal: Simulator:     frame scale: 1.00
2018-07-17T08:01:43.629Z - normal: Simulator:     show console: NO
2018-07-17T08:01:43.629Z - normal: Simulator:     write debug log: NO ()
2018-07-17T08:01:43.629Z - normal: Simulator:     listen: 
2018-07-17T08:01:43.629Z - normal: Simulator:     debugger: none
2018-07-17T08:01:43.629Z - normal: Simulator:     add searching path:
2018-07-17T08:01:43.629Z - normal: Simulator: ------------------------------------------------
2018-07-17T08:01:43.629Z - normal: Simulator: LOAD Js FILE: main.js
2018-07-17T08:01:43.629Z - normal: Simulator: ------------------------------------------------
2018-07-17T08:01:43.629Z - normal: Simulator: Initializing JavaScriptCore 
2018-07-17T08:01:43.691Z - normal: Simulator: JS: Cocos2d-x-lite v1.8.2
2018-07-17T08:01:43.868Z - normal: Simulator: iShow!
2018-07-17T08:01:44.024Z - normal: Simulator: JS: InitScene: 0.8659999999999854ms
2018-07-17T08:01:44.025Z - normal: Simulator: JS: AutoRelease: 0.11899999999997135ms
2018-07-17T08:01:44.025Z - normal: Simulator: JS: Destroy: 0.04899999999997817ms
2018-07-17T08:01:44.025Z - normal: Simulator: JS: AttachPersist: 0.004000000000019099ms
2018-07-17T08:01:44.035Z - normal: Simulator: JS: Activate: 10.579000000000008ms
2018-07-17T08:01:44.037Z - normal: Simulator: cocos2d: QuadCommand: resizing index size from [-1] to [2560]
2018-07-17T08:02:54.794Z - normal: Simulator: ScriptEngine::cleanup begin ...
2018-07-17T08:02:54.798Z - normal: Simulator: GC begin ..., (Native -> JS map) count: 96
2018-07-17T08:02:54.803Z - normal: Simulator: GC end ..., (Native -> JS map) count: 51
2018-07-17T08:02:54.803Z - normal: Simulator: GC begin ..., (Native -> JS map) count: 51
2018-07-17T08:02:54.823Z - normal: Simulator: GC end ..., (Native -> JS map) count: 51
2018-07-17T08:02:54.823Z - normal: Simulator: GC begin ..., (Native -> JS map) count: 51
2018-07-17T08:02:54.823Z - normal: Simulator: GC end ..., (Native -> JS map) count: 51
2018-07-17T08:02:54.823Z - normal: Simulator: Starting to cleanup dragonbones object, count: 0
2018-07-17T08:02:54.824Z - normal: Simulator: After first cleanup, dragonbones object remained count: 0
2018-07-17T08:02:54.824Z - normal: Simulator: After second cleanup, dragonbones object remained count: 0
2018-07-17T08:02:54.824Z - normal: Simulator: ScriptEngine::cleanup end ...
2018-07-17T08:08:22.959Z - normal: Simulator: WORKAREA WIDTH 1920.00, HEIGHT 994.00
2018-07-17T08:08:22.991Z - normal: Simulator: FRAME SCALE = 1.00
2018-07-17T08:08:23.109Z - normal: Simulator: 
2018-07-17T08:08:23.111Z - normal: Simulator: {
2018-07-17T08:08:23.114Z - normal: Simulator: 	gl.supports_OES_map_buffer: false
2018-07-17T08:08:23.114Z - normal: Simulator: 	gl.supports_vertex_array_object: true
2018-07-17T08:08:23.115Z - normal: Simulator: 	cocos2d.x.version: Cocos2d-x-lite v1.8.2
2018-07-17T08:08:23.115Z - normal: Simulator: 	gl.vendor: Intel Inc.
2018-07-17T08:08:23.115Z - normal: Simulator: 	gl.supports_PVRTC: false
2018-07-17T08:08:23.116Z - normal: Simulator: 	gl.renderer: SKL Graphics
2018-07-17T08:08:23.116Z - normal: Simulator: 	cocos2d.x.compiled_with_profiler: false
2018-07-17T08:08:23.117Z - normal: Simulator: 	gl.max_texture_size: 16384
2018-07-17T08:08:23.117Z - normal: Simulator: 	gl.supports_ETC1: false
2018-07-17T08:08:23.117Z - normal: Simulator: 	gl.supports_BGRA8888: false
2018-07-17T08:08:23.118Z - normal: Simulator: 	cocos2d.x.build_type: DEBUG
2018-07-17T08:08:23.118Z - normal: Simulator: 	gl.max_texture_units: 16
2018-07-17T08:08:23.118Z - normal: Simulator: 	gl.supports_OES_packed_depth_stencil: false
2018-07-17T08:08:23.119Z - normal: Simulator: 	gl.supports_discard_framebuffer: false
2018-07-17T08:08:23.119Z - normal: Simulator: 	gl.supports_NPOT: true
2018-07-17T08:08:23.119Z - normal: Simulator: 	gl.version: 2.1 INTEL-10.28.29
2018-07-17T08:08:23.119Z - normal: Simulator: 	cocos2d.x.compiled_with_gl_state_cache: true
2018-07-17T08:08:23.120Z - normal: Simulator: 	gl.supports_OES_depth24: false
2018-07-17T08:08:23.120Z - normal: Simulator: }
2018-07-17T08:08:23.120Z - normal: Simulator: 
2018-07-17T08:08:23.120Z - normal: Simulator: 
2018-07-17T08:08:23.120Z - normal: Simulator: cocos2d: warning, Director::setProjection() failed because size is 0
2018-07-17T08:08:23.135Z - normal: Simulator: Project Config:
2018-07-17T08:08:23.136Z - normal: Simulator:     project dir: /Applications/CocosCreator.app/Contents/Resources/cocos2d-x/simulator/mac/Simulator.app/Contents/Resources/
2018-07-17T08:08:23.136Z - normal: Simulator:     writable path: $(PROJDIR)/
2018-07-17T08:08:23.137Z - normal: Simulator:     script file: $(PROJDIR)/main.js
2018-07-17T08:08:23.137Z - normal: Simulator:     frame size: 960 x 640
2018-07-17T08:08:23.137Z - normal: Simulator:     frame scale: 1.00
2018-07-17T08:08:23.137Z - normal: Simulator:     show console: NO
2018-07-17T08:08:23.137Z - normal: Simulator:     write debug log: NO ()
2018-07-17T08:08:23.138Z - normal: Simulator:     listen: 
2018-07-17T08:08:23.138Z - normal: Simulator:     debugger: none
2018-07-17T08:08:23.138Z - normal: Simulator:     add searching path:
2018-07-17T08:08:23.148Z - normal: Simulator: ------------------------------------------------
2018-07-17T08:08:23.149Z - normal: Simulator: LOAD Js FILE: main.js
2018-07-17T08:08:23.149Z - normal: Simulator: ------------------------------------------------
2018-07-17T08:08:23.162Z - normal: Simulator: Initializing JavaScriptCore 
2018-07-17T08:08:23.343Z - normal: Simulator: JS: Cocos2d-x-lite v1.8.2
2018-07-17T08:08:23.573Z - normal: Simulator: iShow!
2018-07-17T08:08:23.755Z - normal: Simulator: JS: InitScene: 8.177999999999997ms
2018-07-17T08:08:23.755Z - normal: Simulator: JS: AutoRelease: 0.13900000000001ms
2018-07-17T08:08:23.755Z - normal: Simulator: JS: Destroy: 0.07200000000000273ms
2018-07-17T08:08:23.755Z - normal: Simulator: JS: AttachPersist: 0.004000000000019099ms
2018-07-17T08:08:23.792Z - normal: Simulator: JS: Activate: 37.077999999999975ms
2018-07-17T08:08:23.802Z - normal: Simulator: cocos2d: QuadCommand: resizing index size from [-1] to [2560]
2018-07-17T08:08:32.299Z - normal: Simulator: JS: LoadScene 4ecf5b43-b4aa-4728-b280-a3e5807fe0e3: 16.641999999999825ms
2018-07-17T08:08:32.301Z - normal: Simulator: JS: InitScene: 1.0869999999995343ms
2018-07-17T08:08:32.301Z - normal: Simulator: JS: AutoRelease: 0.024999999999636202ms
2018-07-17T08:08:32.304Z - normal: Simulator: JS: Destroy: 4.293999999999869ms
2018-07-17T08:08:32.304Z - normal: Simulator: JS: AttachPersist: 0.0020000000004074536ms
2018-07-17T08:08:32.306Z - normal: Simulator: JS: Activate: 1.8369999999995343ms
2018-07-17T08:08:37.080Z - normal: Simulator: JS: LoadScene 4ecf5b43-b4aa-4728-b280-a3e5807fe0e3: 16.10699999999997ms
2018-07-17T08:08:37.080Z - normal: Simulator: JS: InitScene: 0.5679999999993015ms
2018-07-17T08:08:37.081Z - normal: Simulator: JS: AutoRelease: 0.011000000000422006ms
2018-07-17T08:08:37.081Z - normal: Simulator: JS: Destroy: 0.9290000000000873ms
2018-07-17T08:08:37.082Z - normal: Simulator: JS: AttachPersist: 0.002999999998792191ms
2018-07-17T08:08:37.083Z - normal: Simulator: JS: Activate: 2.0969999999997526ms
2018-07-17T08:08:41.614Z - normal: Simulator: JS: LoadScene 4ecf5b43-b4aa-4728-b280-a3e5807fe0e3: 18.078999999997905ms
2018-07-17T08:08:41.614Z - normal: Simulator: JS: InitScene: 0.477999999999156ms
2018-07-17T08:08:41.614Z - normal: Simulator: JS: AutoRelease: 0.021000000000640284ms
2018-07-17T08:08:41.615Z - normal: Simulator: JS: Destroy: 1.022000000000844ms
2018-07-17T08:08:41.615Z - normal: Simulator: JS: AttachPersist: 0.0030000000006111804ms
2018-07-17T08:08:41.617Z - normal: Simulator: JS: Activate: 2.2769999999982247ms
2018-07-17T08:08:45.271Z - normal: Simulator: JS: LoadScene 4ecf5b43-b4aa-4728-b280-a3e5807fe0e3: 17.78399999999965ms
2018-07-17T08:08:45.273Z - normal: Simulator: JS: InitScene: 1.4049999999988358ms
2018-07-17T08:08:45.274Z - normal: Simulator: JS: AutoRelease: 0.01600000000325963ms
2018-07-17T08:08:45.275Z - normal: Simulator: JS: Destroy: 1.5020000000004075ms
2018-07-17T08:08:45.275Z - normal: Simulator: JS: AttachPersist: 0.0030000000006111804ms
2018-07-17T08:08:45.276Z - normal: Simulator: JS: Activate: 2.1740000000027067ms
2018-07-17T08:08:49.641Z - normal: Simulator: JS: LoadScene 4ecf5b43-b4aa-4728-b280-a3e5807fe0e3: 16.630999999997584ms
2018-07-17T08:08:49.641Z - normal: Simulator: JS: InitScene: 0.9930000000022119ms
2018-07-17T08:08:49.642Z - normal: Simulator: JS: AutoRelease: 0.01299999999901047ms
2018-07-17T08:08:49.643Z - normal: Simulator: JS: Destroy: 1.055000000000291ms
2018-07-17T08:08:49.643Z - normal: Simulator: JS: AttachPersist: 0.24400000000241562ms
2018-07-17T08:08:49.645Z - normal: Simulator: JS: Activate: 2.3580000000001746ms
2018-07-17T08:08:52.981Z - normal: Simulator: JS: LoadScene 4ecf5b43-b4aa-4728-b280-a3e5807fe0e3: 15.989999999997963ms
2018-07-17T08:08:52.982Z - normal: Simulator: JS: InitScene: 1.3770000000004075ms
2018-07-17T08:08:52.982Z - normal: Simulator: JS: AutoRelease: 0.020000000000436557ms
2018-07-17T08:08:52.983Z - normal: Simulator: JS: Destroy: 1.4490000000005239ms
2018-07-17T08:08:52.983Z - normal: Simulator: JS: AttachPersist: 0.0020000000004074536ms
2018-07-17T08:08:52.984Z - normal: Simulator: JS: Activate: 1.8889999999992142ms
2018-07-17T08:08:56.882Z - normal: Simulator: JS: LoadScene 4ecf5b43-b4aa-4728-b280-a3e5807fe0e3: 16.19600000000355ms
2018-07-17T08:08:56.882Z - normal: Simulator: JS: InitScene: 0.9709999999977299ms
2018-07-17T08:08:56.883Z - normal: Simulator: JS: AutoRelease: 0.016999999999825377ms
2018-07-17T08:08:56.884Z - normal: Simulator: JS: Destroy: 1.3850000000020373ms
2018-07-17T08:08:56.884Z - normal: Simulator: JS: AttachPersist: 0.004000000000814907ms
2018-07-17T08:08:56.886Z - normal: Simulator: JS: Activate: 2.40400000000227ms
2018-07-17T08:09:00.157Z - normal: Simulator: JS: LoadScene 4ecf5b43-b4aa-4728-b280-a3e5807fe0e3: 15.547999999995227ms
2018-07-17T08:09:00.159Z - normal: Simulator: JS: InitScene: 0.5040000000008149ms
2018-07-17T08:09:00.159Z - normal: Simulator: JS: AutoRelease: 0.020000000004074536ms
2018-07-17T08:09:00.160Z - normal: Simulator: JS: Destroy: 1.0380000000004657ms
2018-07-17T08:09:00.160Z - normal: Simulator: JS: AttachPersist: 0.0020000000004074536ms
2018-07-17T08:09:00.160Z - normal: Simulator: JS: Activate: 1.9660000000003492ms
2018-07-17T08:09:03.744Z - normal: Simulator: JS: LoadScene 4ecf5b43-b4aa-4728-b280-a3e5807fe0e3: 16.50300000000425ms
2018-07-17T08:09:03.745Z - normal: Simulator: JS: InitScene: 0.47599999999511056ms
2018-07-17T08:09:03.745Z - normal: Simulator: JS: AutoRelease: 0.023000000001047738ms
2018-07-17T08:09:03.745Z - normal: Simulator: JS: Destroy: 0.6990000000005239ms
2018-07-17T08:09:03.745Z - normal: Simulator: JS: AttachPersist: 0.0029999999969732016ms
2018-07-17T08:09:03.745Z - normal: Simulator: JS: Activate: 1.919000000001688ms
2018-07-17T08:09:07.084Z - normal: Simulator: JS: LoadScene 4ecf5b43-b4aa-4728-b280-a3e5807fe0e3: 16.977999999995518ms
2018-07-17T08:09:07.085Z - normal: Simulator: JS: InitScene: 0.9499999999970896ms
2018-07-17T08:09:07.101Z - normal: Simulator: JS: AutoRelease: 0.021000000000640284ms
2018-07-17T08:09:07.108Z - normal: Simulator: JS: Destroy: 1.370999999999185ms
2018-07-17T08:09:07.108Z - normal: Simulator: JS: AttachPersist: 0.008000000001629815ms
2018-07-17T08:09:07.108Z - normal: Simulator: JS: Activate: 2.0910000000003492ms
2018-07-17T08:09:10.458Z - normal: Simulator: JS: LoadScene 4ecf5b43-b4aa-4728-b280-a3e5807fe0e3: 16.769000000000233ms
2018-07-17T08:09:10.459Z - normal: Simulator: JS: InitScene: 0.9370000000053551ms
2018-07-17T08:09:10.459Z - normal: Simulator: JS: AutoRelease: 0.016999999999825377ms
2018-07-17T08:09:10.462Z - normal: Simulator: JS: Destroy: 1.3519999999989523ms
2018-07-17T08:09:10.462Z - normal: Simulator: JS: AttachPersist: 0.004999999997380655ms
2018-07-17T08:09:10.463Z - normal: Simulator: JS: Activate: 3.0249999999941792ms
2018-07-17T08:09:13.725Z - normal: Simulator: JS: LoadScene 4ecf5b43-b4aa-4728-b280-a3e5807fe0e3: 17.330999999998312ms
2018-07-17T08:09:13.725Z - normal: Simulator: JS: InitScene: 0.5580000000045402ms
2018-07-17T08:09:13.725Z - normal: Simulator: JS: AutoRelease: 0.021000000000640284ms
2018-07-17T08:09:13.726Z - normal: Simulator: JS: Destroy: 1.2470000000030268ms
2018-07-17T08:09:13.726Z - normal: Simulator: JS: AttachPersist: 0.0020000000004074536ms
2018-07-17T08:09:13.728Z - normal: Simulator: JS: Activate: 1.8570000000036089ms
2018-07-17T08:09:17.535Z - normal: Simulator: JS: LoadScene 4ecf5b43-b4aa-4728-b280-a3e5807fe0e3: 17.273999999997613ms
2018-07-17T08:09:17.552Z - normal: Simulator: JS: InitScene: 0.47299999999813735ms
2018-07-17T08:09:17.552Z - normal: Simulator: JS: AutoRelease: 0.011000000005878974ms
2018-07-17T08:09:17.553Z - normal: Simulator: JS: Destroy: 0.9089999999996508ms
2018-07-17T08:09:17.553Z - normal: Simulator: JS: AttachPersist: 0.005000000004656613ms
2018-07-17T08:09:17.553Z - normal: Simulator: JS: Activate: 3.257999999994354ms
2018-07-17T08:09:21.386Z - normal: Simulator: JS: LoadScene 4ecf5b43-b4aa-4728-b280-a3e5807fe0e3: 16.790000000000873ms
2018-07-17T08:09:21.387Z - normal: Simulator: JS: InitScene: 0.9359999999942374ms
2018-07-17T08:09:21.387Z - normal: Simulator: JS: AutoRelease: 0.02800000000570435ms
2018-07-17T08:09:21.389Z - normal: Simulator: JS: Destroy: 1.3610000000044238ms
2018-07-17T08:09:21.390Z - normal: Simulator: JS: AttachPersist: 0.004999999997380655ms
2018-07-17T08:09:21.393Z - normal: Simulator: JS: Activate: 2.6260000000038417ms
2018-07-17T08:09:26.025Z - normal: Simulator: JS: LoadScene 4ecf5b43-b4aa-4728-b280-a3e5807fe0e3: 16.05999999999767ms
2018-07-17T08:09:26.028Z - normal: Simulator: JS: InitScene: 0.4540000000051805ms
2018-07-17T08:09:26.031Z - normal: Simulator: JS: AutoRelease: 0.014000000002852175ms
2018-07-17T08:09:26.045Z - normal: Simulator: JS: Destroy: 0.963000000003376ms
2018-07-17T08:09:26.045Z - normal: Simulator: JS: AttachPersist: 0.0029999999969732016ms
2018-07-17T08:09:26.045Z - normal: Simulator: JS: Activate: 1.9550000000017462ms
2018-07-17T08:09:29.971Z - normal: Simulator: JS: LoadScene 4ecf5b43-b4aa-4728-b280-a3e5807fe0e3: 16.74199999999837ms
2018-07-17T08:09:29.972Z - normal: Simulator: JS: InitScene: 0.9349999999976717ms
2018-07-17T08:09:29.973Z - normal: Simulator: JS: AutoRelease: 0.01600000000325963ms
2018-07-17T08:09:29.973Z - normal: Simulator: JS: Destroy: 1.0789999999979045ms
2018-07-17T08:09:29.973Z - normal: Simulator: JS: AttachPersist: 0.0020000000076834112ms
2018-07-17T08:09:29.975Z - normal: Simulator: JS: Activate: 1.8959999999933643ms
2018-07-17T08:09:33.638Z - normal: Simulator: JS: LoadScene 4ecf5b43-b4aa-4728-b280-a3e5807fe0e3: 16.79899999999907ms
2018-07-17T08:09:33.639Z - normal: Simulator: JS: InitScene: 0.4399999999877764ms
2018-07-17T08:09:33.639Z - normal: Simulator: JS: AutoRelease: 0.0079999999870779ms
2018-07-17T08:09:33.642Z - normal: Simulator: JS: Destroy: 0.6970000000001164ms
2018-07-17T08:09:33.642Z - normal: Simulator: JS: AttachPersist: 0.001999999993131496ms
2018-07-17T08:09:33.643Z - normal: Simulator: JS: Activate: 1.8910000000032596ms
2018-07-17T08:09:38.296Z - normal: Simulator: JS: LoadScene 4ecf5b43-b4aa-4728-b280-a3e5807fe0e3: 16.919999999998254ms
2018-07-17T08:09:38.296Z - normal: Simulator: JS: InitScene: 0.5709999999962747ms
2018-07-17T08:09:38.296Z - normal: Simulator: JS: AutoRelease: 0.0580000000045402ms
2018-07-17T08:09:38.297Z - normal: Simulator: JS: Destroy: 0.6739999999990687ms
2018-07-17T08:09:38.297Z - normal: Simulator: JS: AttachPersist: 0.001999999993131496ms
2018-07-17T08:09:38.299Z - normal: Simulator: JS: Activate: 2.1669999999867287ms
2018-07-17T08:09:43.297Z - normal: Simulator: JS: LoadScene 4ecf5b43-b4aa-4728-b280-a3e5807fe0e3: 16.938999999998487ms
2018-07-17T08:09:43.297Z - normal: Simulator: JS: InitScene: 0.5730000000039581ms
2018-07-17T08:09:43.297Z - normal: Simulator: JS: AutoRelease: 0.033999999999650754ms
2018-07-17T08:09:43.298Z - normal: Simulator: JS: Destroy: 0.6999999999970896ms
2018-07-17T08:09:43.298Z - normal: Simulator: JS: AttachPersist: 0.003000000011525117ms
2018-07-17T08:09:43.300Z - normal: Simulator: JS: Activate: 1.8460000000050059ms
2018-07-17T08:10:06.099Z - normal: Simulator: JS: LoadScene 4ecf5b43-b4aa-4728-b280-a3e5807fe0e3: 19.98300000000745ms
2018-07-17T08:10:06.099Z - normal: Simulator: JS: InitScene: 0.5580000000045402ms
2018-07-17T08:10:06.099Z - normal: Simulator: JS: AutoRelease: 0.02800000000570435ms
2018-07-17T08:10:06.100Z - normal: Simulator: JS: Destroy: 1.0720000000001164ms
2018-07-17T08:10:06.100Z - normal: Simulator: JS: AttachPersist: 0.003000000011525117ms
2018-07-17T08:10:06.103Z - normal: Simulator: JS: Activate: 2.379000000000815ms
2018-07-17T08:10:09.370Z - normal: Simulator: ScriptEngine::cleanup begin ...
2018-07-17T08:10:09.370Z - normal: Simulator: GC begin ..., (Native -> JS map) count: 95
2018-07-17T08:10:09.374Z - normal: Simulator: GC end ..., (Native -> JS map) count: 51
2018-07-17T08:10:09.375Z - normal: Simulator: GC begin ..., (Native -> JS map) count: 51
2018-07-17T08:10:09.379Z - normal: Simulator: GC end ..., (Native -> JS map) count: 51
2018-07-17T08:10:09.379Z - normal: Simulator: GC begin ..., (Native -> JS map) count: 51
2018-07-17T08:10:09.383Z - normal: Simulator: GC end ..., (Native -> JS map) count: 51
2018-07-17T08:10:09.391Z - normal: Simulator: Starting to cleanup dragonbones object, count: 0
2018-07-17T08:10:09.392Z - normal: Simulator: After first cleanup, dragonbones object remained count: 0
2018-07-17T08:10:09.392Z - normal: Simulator: After second cleanup, dragonbones object remained count: 0
2018-07-17T08:10:09.392Z - normal: Simulator: ScriptEngine::cleanup end ...
2018-07-17T08:30:54.822Z - failed: Failed to drop asset 92abacba-1333-45df-851d-4918fa5b1257, message: Error: Can not create node from cc.SceneAsset
    at /Applications/CocosCreator.app/Contents/Resources/app.asar/editor/page/scene-utils/utils.js:1:1142
    at CCLoader.<anonymous> (/Applications/CocosCreator.app/Contents/Resources/engine/cocos2d/core/platform/CCAssetLibrary.js:110:17)
    at /Applications/CocosCreator.app/Contents/Resources/engine/cocos2d/core/load-pipeline/CCLoader.js:255:38
    at /Applications/CocosCreator.app/Contents/Resources/engine/cocos2d/core/platform/utils.js:67:21
    at _combinedTickCallback (internal/process/next_tick.js:73:7)
    at process._tickCallback (internal/process/next_tick.js:104:9)
2018-07-17T10:02:13.241Z - normal: Simulator: WORKAREA WIDTH 1920.00, HEIGHT 994.00
2018-07-17T10:02:13.263Z - normal: Simulator: FRAME SCALE = 1.00
2018-07-17T10:02:13.403Z - normal: Simulator: 
2018-07-17T10:02:13.404Z - normal: Simulator: {
2018-07-17T10:02:13.405Z - normal: Simulator: 	gl.supports_OES_map_buffer: false
2018-07-17T10:02:13.405Z - normal: Simulator: 	gl.supports_vertex_array_object: true
2018-07-17T10:02:13.405Z - normal: Simulator: 	cocos2d.x.version: Cocos2d-x-lite v1.8.2
2018-07-17T10:02:13.405Z - normal: Simulator: 	gl.vendor: Intel Inc.
2018-07-17T10:02:13.406Z - normal: Simulator: 	gl.supports_PVRTC: false
2018-07-17T10:02:13.406Z - normal: Simulator: 	gl.renderer: SKL Graphics
2018-07-17T10:02:13.406Z - normal: Simulator: 	cocos2d.x.compiled_with_profiler: false
2018-07-17T10:02:13.407Z - normal: Simulator: 	gl.max_texture_size: 16384
2018-07-17T10:02:13.407Z - normal: Simulator: 	gl.supports_ETC1: false
2018-07-17T10:02:13.407Z - normal: Simulator: 	gl.supports_BGRA8888: false
2018-07-17T10:02:13.408Z - normal: Simulator: 	cocos2d.x.build_type: DEBUG
2018-07-17T10:02:13.408Z - normal: Simulator: 	gl.max_texture_units: 16
2018-07-17T10:02:13.408Z - normal: Simulator: 	gl.supports_OES_packed_depth_stencil: false
2018-07-17T10:02:13.408Z - normal: Simulator: 	gl.supports_discard_framebuffer: false
2018-07-17T10:02:13.408Z - normal: Simulator: 	gl.supports_NPOT: true
2018-07-17T10:02:13.408Z - normal: Simulator: 	gl.version: 2.1 INTEL-10.28.29
2018-07-17T10:02:13.408Z - normal: Simulator: 	cocos2d.x.compiled_with_gl_state_cache: true
2018-07-17T10:02:13.408Z - normal: Simulator: 	gl.supports_OES_depth24: false
2018-07-17T10:02:13.409Z - normal: Simulator: }
2018-07-17T10:02:13.409Z - normal: Simulator: 
2018-07-17T10:02:13.409Z - normal: Simulator: 
2018-07-17T10:02:13.409Z - normal: Simulator: cocos2d: warning, Director::setProjection() failed because size is 0
2018-07-17T10:02:13.437Z - normal: Simulator: Project Config:
2018-07-17T10:02:13.438Z - normal: Simulator:     project dir: /Applications/CocosCreator.app/Contents/Resources/cocos2d-x/simulator/mac/Simulator.app/Contents/Resources/
2018-07-17T10:02:13.438Z - normal: Simulator:     writable path: $(PROJDIR)/
2018-07-17T10:02:13.438Z - normal: Simulator:     script file: $(PROJDIR)/main.js
2018-07-17T10:02:13.438Z - normal: Simulator:     frame size: 960 x 640
2018-07-17T10:02:13.438Z - normal: Simulator:     frame scale: 1.00
2018-07-17T10:02:13.439Z - normal: Simulator:     show console: NO
2018-07-17T10:02:13.439Z - normal: Simulator:     write debug log: NO ()
2018-07-17T10:02:13.439Z - normal: Simulator:     listen: 
2018-07-17T10:02:13.439Z - normal: Simulator:     debugger: none
2018-07-17T10:02:13.439Z - normal: Simulator:     add searching path:
2018-07-17T10:02:13.450Z - normal: Simulator: ------------------------------------------------
2018-07-17T10:02:13.451Z - normal: Simulator: LOAD Js FILE: main.js
2018-07-17T10:02:13.451Z - normal: Simulator: ------------------------------------------------
2018-07-17T10:02:13.457Z - normal: Simulator: Initializing JavaScriptCore 
2018-07-17T10:02:13.656Z - normal: Simulator: JS: Cocos2d-x-lite v1.8.2
2018-07-17T10:02:13.981Z - normal: Simulator: iShow!
2018-07-17T10:02:14.154Z - normal: Simulator: JS: InitScene: 8.944999999999936ms
2018-07-17T10:02:14.155Z - normal: Simulator: JS: AutoRelease: 0.16700000000003ms
2018-07-17T10:02:14.156Z - normal: Simulator: JS: Destroy: 0.05599999999992633ms
2018-07-17T10:02:14.157Z - normal: Simulator: JS: AttachPersist: 0.0030000000000427463ms
2018-07-17T10:02:14.158Z - normal: Simulator: JS: Activate: 4.76299999999992ms
2018-07-17T10:02:20.147Z - normal: Simulator: ScriptEngine::cleanup begin ...
2018-07-17T10:02:20.148Z - normal: Simulator: GC begin ..., (Native -> JS map) count: 51
2018-07-17T10:02:20.153Z - normal: Simulator: GC end ..., (Native -> JS map) count: 31
2018-07-17T10:02:20.153Z - normal: Simulator: GC begin ..., (Native -> JS map) count: 31
2018-07-17T10:02:20.166Z - normal: Simulator: GC end ..., (Native -> JS map) count: 31
2018-07-17T10:02:20.166Z - normal: Simulator: GC begin ..., (Native -> JS map) count: 31
2018-07-17T10:02:20.167Z - normal: Simulator: GC end ..., (Native -> JS map) count: 31
2018-07-17T10:02:20.167Z - normal: Simulator: Starting to cleanup dragonbones object, count: 0
2018-07-17T10:02:20.168Z - normal: Simulator: After first cleanup, dragonbones object remained count: 0
2018-07-17T10:02:20.168Z - normal: Simulator: After second cleanup, dragonbones object remained count: 0
2018-07-17T10:02:20.168Z - normal: Simulator: ScriptEngine::cleanup end ...
2018-07-17T10:09:13.687Z - normal: Simulator: WORKAREA WIDTH 1920.00, HEIGHT 994.00
2018-07-17T10:09:13.714Z - normal: Simulator: FRAME SCALE = 1.00
2018-07-17T10:09:13.849Z - normal: Simulator: 
2018-07-17T10:09:13.849Z - normal: Simulator: {
2018-07-17T10:09:13.850Z - normal: Simulator: 	gl.supports_OES_map_buffer: false
2018-07-17T10:09:13.850Z - normal: Simulator: 	gl.supports_vertex_array_object: true
2018-07-17T10:09:13.850Z - normal: Simulator: 	cocos2d.x.version: Cocos2d-x-lite v1.8.2
2018-07-17T10:09:13.850Z - normal: Simulator: 	gl.vendor: Intel Inc.
2018-07-17T10:09:13.850Z - normal: Simulator: 	gl.supports_PVRTC: false
2018-07-17T10:09:13.850Z - normal: Simulator: 	gl.renderer: SKL Graphics
2018-07-17T10:09:13.851Z - normal: Simulator: 	cocos2d.x.compiled_with_profiler: false
2018-07-17T10:09:13.851Z - normal: Simulator: 	gl.max_texture_size: 16384
2018-07-17T10:09:13.851Z - normal: Simulator: 	gl.supports_ETC1: false
2018-07-17T10:09:13.852Z - normal: Simulator: 	gl.supports_BGRA8888: false
2018-07-17T10:09:13.852Z - normal: Simulator: 	cocos2d.x.build_type: DEBUG
2018-07-17T10:09:13.852Z - normal: Simulator: 	gl.max_texture_units: 16
2018-07-17T10:09:13.852Z - normal: Simulator: 	gl.supports_OES_packed_depth_stencil: false
2018-07-17T10:09:13.852Z - normal: Simulator: 	gl.supports_discard_framebuffer: false
2018-07-17T10:09:13.852Z - normal: Simulator: 	gl.supports_NPOT: true
2018-07-17T10:09:13.853Z - normal: Simulator: 	gl.version: 2.1 INTEL-10.28.29
2018-07-17T10:09:13.857Z - normal: Simulator: 	cocos2d.x.compiled_with_gl_state_cache: true
2018-07-17T10:09:13.857Z - normal: Simulator: 	gl.supports_OES_depth24: false
2018-07-17T10:09:13.858Z - normal: Simulator: }
2018-07-17T10:09:13.858Z - normal: Simulator: 
2018-07-17T10:09:13.858Z - normal: Simulator: 
2018-07-17T10:09:13.858Z - normal: Simulator: cocos2d: warning, Director::setProjection() failed because size is 0
2018-07-17T10:09:13.904Z - normal: Simulator: Project Config:
2018-07-17T10:09:13.905Z - normal: Simulator:     project dir: /Applications/CocosCreator.app/Contents/Resources/cocos2d-x/simulator/mac/Simulator.app/Contents/Resources/
2018-07-17T10:09:13.905Z - normal: Simulator:     writable path: $(PROJDIR)/
2018-07-17T10:09:13.906Z - normal: Simulator:     script file: $(PROJDIR)/main.js
2018-07-17T10:09:13.906Z - normal: Simulator:     frame size: 960 x 640
2018-07-17T10:09:13.906Z - normal: Simulator:     frame scale: 1.00
2018-07-17T10:09:13.906Z - normal: Simulator:     show console: NO
2018-07-17T10:09:13.906Z - normal: Simulator:     write debug log: NO ()
2018-07-17T10:09:13.906Z - normal: Simulator:     listen: 
2018-07-17T10:09:13.909Z - normal: Simulator:     debugger: none
2018-07-17T10:09:13.914Z - normal: Simulator:     add searching path:
2018-07-17T10:09:13.920Z - normal: Simulator: ------------------------------------------------
2018-07-17T10:09:13.921Z - normal: Simulator: LOAD Js FILE: main.js
2018-07-17T10:09:13.921Z - normal: Simulator: ------------------------------------------------
2018-07-17T10:09:13.921Z - normal: Simulator: Initializing JavaScriptCore 
2018-07-17T10:09:14.114Z - normal: Simulator: JS: Cocos2d-x-lite v1.8.2
2018-07-17T10:09:14.404Z - normal: Simulator: iShow!
2018-07-17T10:09:14.582Z - normal: Simulator: JS: InitScene: 7.538000000000011ms
2018-07-17T10:09:14.582Z - normal: Simulator: JS: AutoRelease: 0.1150000000000091ms
2018-07-17T10:09:14.582Z - normal: Simulator: JS: Destroy: 0.055000000000063665ms
2018-07-17T10:09:14.583Z - normal: Simulator: JS: AttachPersist: 0.0029999999999290594ms
2018-07-17T10:09:14.605Z - normal: Simulator: JS: Activate: 3.508000000000038ms
2018-07-17T10:09:22.180Z - normal: Simulator: ScriptEngine::cleanup begin ...
2018-07-17T10:09:22.180Z - normal: Simulator: GC begin ..., (Native -> JS map) count: 68
2018-07-17T10:09:22.198Z - normal: Simulator: GC end ..., (Native -> JS map) count: 35
2018-07-17T10:09:22.198Z - normal: Simulator: GC begin ..., (Native -> JS map) count: 35
2018-07-17T10:09:22.199Z - normal: Simulator: GC end ..., (Native -> JS map) count: 35
2018-07-17T10:09:22.199Z - normal: Simulator: GC begin ..., (Native -> JS map) count: 35
2018-07-17T10:09:22.199Z - normal: Simulator: GC end ..., (Native -> JS map) count: 35
2018-07-17T10:09:22.209Z - normal: Simulator: Starting to cleanup dragonbones object, count: 0
2018-07-17T10:09:22.210Z - normal: Simulator: After first cleanup, dragonbones object remained count: 0
2018-07-17T10:09:22.210Z - normal: Simulator: After second cleanup, dragonbones object remained count: 0
2018-07-17T10:09:22.210Z - normal: Simulator: ScriptEngine::cleanup end ...
2018-07-17T10:10:26.980Z - normal: Simulator: WORKAREA WIDTH 1920.00, HEIGHT 994.00
2018-07-17T10:10:27.004Z - normal: Simulator: FRAME SCALE = 1.00
2018-07-17T10:10:27.100Z - normal: Simulator: 
2018-07-17T10:10:27.100Z - normal: Simulator: {
2018-07-17T10:10:27.100Z - normal: Simulator: 	gl.supports_OES_map_buffer: false
2018-07-17T10:10:27.101Z - normal: Simulator: 	gl.supports_vertex_array_object: true
2018-07-17T10:10:27.101Z - normal: Simulator: 	cocos2d.x.version: Cocos2d-x-lite v1.8.2
2018-07-17T10:10:27.102Z - normal: Simulator: 	gl.vendor: Intel Inc.
2018-07-17T10:10:27.102Z - normal: Simulator: 	gl.supports_PVRTC: false
2018-07-17T10:10:27.102Z - normal: Simulator: 	gl.renderer: SKL Graphics
2018-07-17T10:10:27.102Z - normal: Simulator: 	cocos2d.x.compiled_with_profiler: false
2018-07-17T10:10:27.103Z - normal: Simulator: 	gl.max_texture_size: 16384
2018-07-17T10:10:27.103Z - normal: Simulator: 	gl.supports_ETC1: false
2018-07-17T10:10:27.103Z - normal: Simulator: 	gl.supports_BGRA8888: false
2018-07-17T10:10:27.103Z - normal: Simulator: 	cocos2d.x.build_type: DEBUG
2018-07-17T10:10:27.103Z - normal: Simulator: 	gl.max_texture_units: 16
2018-07-17T10:10:27.103Z - normal: Simulator: 	gl.supports_OES_packed_depth_stencil: false
2018-07-17T10:10:27.103Z - normal: Simulator: 	gl.supports_discard_framebuffer: false
2018-07-17T10:10:27.103Z - normal: Simulator: 	gl.supports_NPOT: true
2018-07-17T10:10:27.103Z - normal: Simulator: 	gl.version: 2.1 INTEL-10.28.29
2018-07-17T10:10:27.103Z - normal: Simulator: 	cocos2d.x.compiled_with_gl_state_cache: true
2018-07-17T10:10:27.104Z - normal: Simulator: 	gl.supports_OES_depth24: false
2018-07-17T10:10:27.104Z - normal: Simulator: }
2018-07-17T10:10:27.104Z - normal: Simulator: cocos2d: warning, Director::setProjection() failed because size is 0
2018-07-17T10:10:27.126Z - normal: Simulator: Project Config:
2018-07-17T10:10:27.127Z - normal: Simulator:     project dir: /Applications/CocosCreator.app/Contents/Resources/cocos2d-x/simulator/mac/Simulator.app/Contents/Resources/
2018-07-17T10:10:27.127Z - normal: Simulator:     writable path: $(PROJDIR)/
2018-07-17T10:10:27.127Z - normal: Simulator:     script file: $(PROJDIR)/main.js
2018-07-17T10:10:27.127Z - normal: Simulator:     frame size: 960 x 640
2018-07-17T10:10:27.128Z - normal: Simulator:     frame scale: 1.00
2018-07-17T10:10:27.128Z - normal: Simulator:     show console: NO
2018-07-17T10:10:27.129Z - normal: Simulator:     write debug log: NO ()
2018-07-17T10:10:27.129Z - normal: Simulator:     listen: 
2018-07-17T10:10:27.129Z - normal: Simulator:     debugger: none
2018-07-17T10:10:27.129Z - normal: Simulator:     add searching path:
2018-07-17T10:10:27.156Z - normal: Simulator: ------------------------------------------------
2018-07-17T10:10:27.157Z - normal: Simulator: LOAD Js FILE: main.js
2018-07-17T10:10:27.157Z - normal: Simulator: ------------------------------------------------
2018-07-17T10:10:27.158Z - normal: Simulator: Initializing JavaScriptCore 
2018-07-17T10:10:27.323Z - normal: Simulator: JS: Cocos2d-x-lite v1.8.2
2018-07-17T10:10:27.622Z - normal: Simulator: iShow!
2018-07-17T10:10:27.797Z - normal: Simulator: JS: InitScene: 4.91700000000003ms
2018-07-17T10:10:27.797Z - normal: Simulator: JS: AutoRelease: 0.12599999999997635ms
2018-07-17T10:10:27.797Z - normal: Simulator: JS: Destroy: 0.056999999999902684ms
2018-07-17T10:10:27.798Z - normal: Simulator: JS: AttachPersist: 0.0049999999999954525ms
2018-07-17T10:10:27.801Z - normal: Simulator: JS: [ERROR]: The thing you want to instantiate must be an object
2018-07-17T10:10:27.842Z - normal: Simulator: ERROR: TypeError: null is not an object (evaluating 'child._localZOrder'), location: src/jsb_polyfill.js:3082:55
2018-07-17T10:10:27.842Z - normal: Simulator: STACK:
2018-07-17T10:10:27.842Z - normal: Simulator: addChild@src/jsb_polyfill.js:3082:55
2018-07-17T10:10:27.842Z - normal: Simulator: spawnNew@assets/scripts/caro/Caro.js:52:35
2018-07-17T10:10:27.842Z - normal: Simulator: onLoad@assets/scripts/caro/Caro.js:73:22
2018-07-17T10:10:27.843Z - normal: Simulator: anonymous
2018-07-17T10:10:27.843Z - normal: Simulator: invoke@src/jsb_polyfill.js:4610:23
2018-07-17T10:10:27.843Z - normal: Simulator: activateNode@src/jsb_polyfill.js:13694:31
2018-07-17T10:10:27.843Z - normal: Simulator: _activate@src/jsb_polyfill.js:3258:50
2018-07-17T10:10:27.843Z - normal: Simulator: runSceneImmediate@src/jsb_polyfill.js:25473:28
2018-07-17T10:10:27.843Z - normal: Simulator: main.js:53:54
2018-07-17T10:10:27.843Z - normal: Simulator: src/jsb_polyfill.js:16057:33
2018-07-17T10:10:27.844Z - normal: Simulator: src/jsb_polyfill.js:11962:38
2018-07-17T10:10:27.844Z - normal: Simulator: src/jsb_polyfill.js:19587:21
2018-07-17T10:10:27.844Z - normal: Simulator: onceWrapper@src/jsb_polyfill.js:11017:26
2018-07-17T10:10:27.844Z - normal: Simulator: invoke@src/jsb_polyfill.js:10862:28
2018-07-17T10:10:27.844Z - normal: Simulator: emit@src/jsb_polyfill.js:11044:117
2018-07-17T10:10:27.844Z - normal: Simulator: callback@src/jsb_polyfill.js:25607:27
2018-07-17T10:21:08.458Z - normal: Simulator: ScriptEngine::cleanup begin ...
2018-07-17T10:21:08.461Z - normal: Simulator: GC begin ..., (Native -> JS map) count: 56
2018-07-17T10:21:08.467Z - normal: Simulator: GC end ..., (Native -> JS map) count: 35
2018-07-17T10:21:08.469Z - normal: Simulator: GC begin ..., (Native -> JS map) count: 35
2018-07-17T10:21:08.472Z - normal: Simulator: GC end ..., (Native -> JS map) count: 35
2018-07-17T10:21:08.473Z - normal: Simulator: GC begin ..., (Native -> JS map) count: 35
2018-07-17T10:21:08.476Z - normal: Simulator: GC end ..., (Native -> JS map) count: 35
2018-07-17T10:21:08.494Z - normal: Simulator: Starting to cleanup dragonbones object, count: 0
2018-07-17T10:21:08.494Z - normal: Simulator: After first cleanup, dragonbones object remained count: 0
2018-07-17T10:21:08.495Z - normal: Simulator: After second cleanup, dragonbones object remained count: 0
2018-07-17T10:21:08.495Z - normal: Simulator: ScriptEngine::cleanup end ...
2018-07-17T10:38:46.987Z - info: shutdown preview server
